# JRE version: OpenJDK Runtime Environment Temurin-21.0.8+9 (21.0.8+9) (build 21.0.8+9-LTS)
# Java VM: OpenJDK 64-Bit Server VM Temurin-21.0.8+9 (21.0.8+9-LTS, mixed mode, sharing, tiered, compressed oops, compressed class ptrs, parallel gc, windows-amd64)
GC Precious Log:
 CardTable entry size: 512
 CPUs: 12 total, 12 available
 Memory: 15710M
 Large Page Support: Disabled
 NUMA Support: Disabled
 Compressed Oops: Enabled (32-bit)
 Alignments: Space 512K, Generation 512K, Heap 2M
 Heap Min Capacity: 100M
 Heap Initial Capacity: 100M
 Heap Max Capacity: 2G
 Pre-touch: Disabled
 Parallel Workers: 10
Heap:
 PSYoungGen      total 3072K, used 1476K [0x00000000d5580000, 0x00000000d5900000, 0x0000000100000000)
  eden space 2560K, 50% used [0x00000000d5580000,0x00000000d56c1098,0x00000000d5800000)
  from space 512K, 37% used [0x00000000d5800000,0x00000000d5830000,0x00000000d5880000)
  to   space 512K, 0% used [0x00000000d5880000,0x00000000d5880000,0x00000000d5900000)
 ParOldGen       total 407552K, used 407245K [0x0000000080000000, 0x0000000098e00000, 0x00000000d5580000)
  object space 407552K, 99% used [0x0000000080000000,0x0000000098db35e0,0x0000000098e00000)
 Metaspace       used 86335K, committed 88000K, reserved 1179648K
  class space    used 8654K, committed 9408K, reserved 1048576K
GC Heap History (20 events):
Event: 1897.948 GC heap before
{Heap before GC invocations=4568 (full 6):
 PSYoungGen      total 1536K, used 1087K [0x00000000d5580000, 0x00000000d5980000, 0x0000000100000000)
  eden space 512K, 99% used [0x00000000d5580000,0x00000000d55fffe8,0x00000000d5600000)
  from space 1024K, 56% used [0x00000000d5600000,0x00000000d5690000,0x00000000d5700000)
  to   space 1536K, 0% used [0x00000000d5800000,0x00000000d5800000,0x00000000d5980000)
 ParOldGen       total 404480K, used 404405K [0x0000000080000000, 0x0000000098b00000, 0x00000000d5580000)
  object space 404480K, 99% used [0x0000000080000000,0x0000000098aed5c0,0x0000000098b00000)
 Metaspace       used 86251K, committed 87936K, reserved 1179648K
  class space    used 8644K, committed 9408K, reserved 1048576K
}
Event: 1897.950 GC heap after
{Heap after GC invocations=4568 (full 6):
 PSYoungGen      total 2048K, used 608K [0x00000000d5580000, 0x00000000d5900000, 0x0000000100000000)
  eden space 1024K, 0% used [0x00000000d5580000,0x00000000d5580000,0x00000000d5680000)
  from space 1024K, 59% used [0x00000000d5800000,0x00000000d5898000,0x00000000d5900000)
  to   space 1024K, 0% used [0x00000000d5700000,0x00000000d5700000,0x00000000d5800000)
 ParOldGen       total 404992K, used 404925K [0x0000000080000000, 0x0000000098b80000, 0x00000000d5580000)
  object space 404992K, 99% used [0x0000000080000000,0x0000000098b6f5c0,0x0000000098b80000)
 Metaspace       used 86251K, committed 87936K, reserved 1179648K
  class space    used 8644K, committed 9408K, reserved 1048576K
}
Event: 1897.954 GC heap before
{Heap before GC invocations=4569 (full 6):
 PSYoungGen      total 2048K, used 1556K [0x00000000d5580000, 0x00000000d5900000, 0x0000000100000000)
  eden space 1024K, 92% used [0x00000000d5580000,0x00000000d566d140,0x00000000d5680000)
  from space 1024K, 59% used [0x00000000d5800000,0x00000000d5898000,0x00000000d5900000)
  to   space 1024K, 0% used [0x00000000d5700000,0x00000000d5700000,0x00000000d5800000)
 ParOldGen       total 404992K, used 404925K [0x0000000080000000, 0x0000000098b80000, 0x00000000d5580000)
  object space 404992K, 99% used [0x0000000080000000,0x0000000098b6f5c0,0x0000000098b80000)
 Metaspace       used 86251K, committed 87936K, reserved 1179648K
  class space    used 8644K, committed 9408K, reserved 1048576K
}
Event: 1897.956 GC heap after
{Heap after GC invocations=4569 (full 6):
 PSYoungGen      total 2560K, used 980K [0x00000000d5580000, 0x00000000d5a00000, 0x0000000100000000)
  eden space 1536K, 0% used [0x00000000d5580000,0x00000000d5580000,0x00000000d5700000)
  from space 1024K, 95% used [0x00000000d5700000,0x00000000d57f5000,0x00000000d5800000)
  to   space 1536K, 0% used [0x00000000d5880000,0x00000000d5880000,0x00000000d5a00000)
 ParOldGen       total 405504K, used 405437K [0x0000000080000000, 0x0000000098c00000, 0x00000000d5580000)
  object space 405504K, 99% used [0x0000000080000000,0x0000000098bef5c0,0x0000000098c00000)
 Metaspace       used 86251K, committed 87936K, reserved 1179648K
  class space    used 8644K, committed 9408K, reserved 1048576K
}
Event: 1897.960 GC heap before
{Heap before GC invocations=4570 (full 6):
 PSYoungGen      total 2560K, used 2515K [0x00000000d5580000, 0x00000000d5a00000, 0x0000000100000000)
  eden space 1536K, 99% used [0x00000000d5580000,0x00000000d56ffff0,0x00000000d5700000)
  from space 1024K, 95% used [0x00000000d5700000,0x00000000d57f5000,0x00000000d5800000)
  to   space 1536K, 0% used [0x00000000d5880000,0x00000000d5880000,0x00000000d5a00000)
 ParOldGen       total 405504K, used 405437K [0x0000000080000000, 0x0000000098c00000, 0x00000000d5580000)
  object space 405504K, 99% used [0x0000000080000000,0x0000000098bef5c0,0x0000000098c00000)
 Metaspace       used 86251K, committed 87936K, reserved 1179648K
  class space    used 8644K, committed 9408K, reserved 1048576K
}
Event: 1897.963 GC heap after
{Heap after GC invocations=4570 (full 6):
 PSYoungGen      total 3072K, used 1040K [0x00000000d5580000, 0x00000000d5a80000, 0x0000000100000000)
  eden space 1536K, 0% used [0x00000000d5580000,0x00000000d5580000,0x00000000d5700000)
  from space 1536K, 67% used [0x00000000d5880000,0x00000000d5984000,0x00000000d5a00000)
  to   space 1536K, 0% used [0x00000000d5700000,0x00000000d5700000,0x00000000d5880000)
 ParOldGen       total 406528K, used 406237K [0x0000000080000000, 0x0000000098d00000, 0x00000000d5580000)
  object space 406528K, 99% used [0x0000000080000000,0x0000000098cb75c0,0x0000000098d00000)
 Metaspace       used 86251K, committed 87936K, reserved 1179648K
  class space    used 8644K, committed 9408K, reserved 1048576K
}
Event: 1898.292 GC heap before
{Heap before GC invocations=4571 (full 6):
 PSYoungGen      total 3072K, used 2576K [0x00000000d5580000, 0x00000000d5a80000, 0x0000000100000000)
  eden space 1536K, 100% used [0x00000000d5580000,0x00000000d5700000,0x00000000d5700000)
  from space 1536K, 67% used [0x00000000d5880000,0x00000000d5984000,0x00000000d5a00000)
  to   space 1536K, 0% used [0x00000000d5700000,0x00000000d5700000,0x00000000d5880000)
 ParOldGen       total 406528K, used 406237K [0x0000000080000000, 0x0000000098d00000, 0x00000000d5580000)
  object space 406528K, 99% used [0x0000000080000000,0x0000000098cb75c0,0x0000000098d00000)
 Metaspace       used 86251K, committed 87936K, reserved 1179648K
  class space    used 8644K, committed 9408K, reserved 1048576K
}
Event: 1898.297 GC heap after
{Heap after GC invocations=4571 (full 6):
 PSYoungGen      total 3072K, used 352K [0x00000000d5580000, 0x00000000d5980000, 0x0000000100000000)
  eden space 1536K, 0% used [0x00000000d5580000,0x00000000d5580000,0x00000000d5700000)
  from space 1536K, 22% used [0x00000000d5700000,0x00000000d5758000,0x00000000d5880000)
  to   space 1024K, 0% used [0x00000000d5880000,0x00000000d5880000,0x00000000d5980000)
 ParOldGen       total 407040K, used 406869K [0x0000000080000000, 0x0000000098d80000, 0x00000000d5580000)
  object space 407040K, 99% used [0x0000000080000000,0x0000000098d555c0,0x0000000098d80000)
 Metaspace       used 86251K, committed 87936K, reserved 1179648K
  class space    used 8644K, committed 9408K, reserved 1048576K
}
Event: 1898.304 GC heap before
{Heap before GC invocations=4572 (full 6):
 PSYoungGen      total 3072K, used 1888K [0x00000000d5580000, 0x00000000d5980000, 0x0000000100000000)
  eden space 1536K, 100% used [0x00000000d5580000,0x00000000d5700000,0x00000000d5700000)
  from space 1536K, 22% used [0x00000000d5700000,0x00000000d5758000,0x00000000d5880000)
  to   space 1024K, 0% used [0x00000000d5880000,0x00000000d5880000,0x00000000d5980000)
 ParOldGen       total 407040K, used 406869K [0x0000000080000000, 0x0000000098d80000, 0x00000000d5580000)
  object space 407040K, 99% used [0x0000000080000000,0x0000000098d555c0,0x0000000098d80000)
 Metaspace       used 86251K, committed 87936K, reserved 1179648K
  class space    used 8644K, committed 9408K, reserved 1048576K
}
Event: 1898.306 GC heap after
{Heap after GC invocations=4572 (full 6):
 PSYoungGen      total 2560K, used 160K [0x00000000d5580000, 0x00000000d5900000, 0x0000000100000000)
  eden space 2048K, 0% used [0x00000000d5580000,0x00000000d5580000,0x00000000d5780000)
  from space 512K, 31% used [0x00000000d5880000,0x00000000d58a8000,0x00000000d5900000)
  to   space 512K, 0% used [0x00000000d5800000,0x00000000d5800000,0x00000000d5880000)
 ParOldGen       total 407552K, used 407053K [0x0000000080000000, 0x0000000098e00000, 0x00000000d5580000)
  object space 407552K, 99% used [0x0000000080000000,0x0000000098d835c0,0x0000000098e00000)
 Metaspace       used 86251K, committed 87936K, reserved 1179648K
  class space    used 8644K, committed 9408K, reserved 1048576K
}
Event: 1898.477 GC heap before
{Heap before GC invocations=4573 (full 6):
 PSYoungGen      total 2560K, used 2207K [0x00000000d5580000, 0x00000000d5900000, 0x0000000100000000)
  eden space 2048K, 99% used [0x00000000d5580000,0x00000000d577fff0,0x00000000d5780000)
  from space 512K, 31% used [0x00000000d5880000,0x00000000d58a8000,0x00000000d5900000)
  to   space 512K, 0% used [0x00000000d5800000,0x00000000d5800000,0x00000000d5880000)
 ParOldGen       total 407552K, used 407053K [0x0000000080000000, 0x0000000098e00000, 0x00000000d5580000)
  object space 407552K, 99% used [0x0000000080000000,0x0000000098d835c0,0x0000000098e00000)
 Metaspace       used 86251K, committed 87936K, reserved 1179648K
  class space    used 8644K, committed 9408K, reserved 1048576K
}
Event: 1898.479 GC heap after
{Heap after GC invocations=4573 (full 6):
 PSYoungGen      total 3072K, used 304K [0x00000000d5580000, 0x00000000d5900000, 0x0000000100000000)
  eden space 2560K, 0% used [0x00000000d5580000,0x00000000d5580000,0x00000000d5800000)
  from space 512K, 59% used [0x00000000d5800000,0x00000000d584c010,0x00000000d5880000)
  to   space 512K, 0% used [0x00000000d5880000,0x00000000d5880000,0x00000000d5900000)
 ParOldGen       total 407552K, used 407069K [0x0000000080000000, 0x0000000098e00000, 0x00000000d5580000)
  object space 407552K, 99% used [0x0000000080000000,0x0000000098d875c0,0x0000000098e00000)
 Metaspace       used 86251K, committed 87936K, reserved 1179648K
  class space    used 8644K, committed 9408K, reserved 1048576K
}
Event: 1898.765 GC heap before
{Heap before GC invocations=4574 (full 6):
 PSYoungGen      total 3072K, used 2864K [0x00000000d5580000, 0x00000000d5900000, 0x0000000100000000)
  eden space 2560K, 100% used [0x00000000d5580000,0x00000000d5800000,0x00000000d5800000)
  from space 512K, 59% used [0x00000000d5800000,0x00000000d584c010,0x00000000d5880000)
  to   space 512K, 0% used [0x00000000d5880000,0x00000000d5880000,0x00000000d5900000)
 ParOldGen       total 407552K, used 407069K [0x0000000080000000, 0x0000000098e00000, 0x00000000d5580000)
  object space 407552K, 99% used [0x0000000080000000,0x0000000098d875c0,0x0000000098e00000)
 Metaspace       used 86251K, committed 87936K, reserved 1179648K
  class space    used 8644K, committed 9408K, reserved 1048576K
}
Event: 1898.768 GC heap after
{Heap after GC invocations=4574 (full 6):
 PSYoungGen      total 3072K, used 192K [0x00000000d5580000, 0x00000000d5900000, 0x0000000100000000)
  eden space 2560K, 0% used [0x00000000d5580000,0x00000000d5580000,0x00000000d5800000)
  from space 512K, 37% used [0x00000000d5880000,0x00000000d58b0000,0x00000000d5900000)
  to   space 512K, 0% used [0x00000000d5800000,0x00000000d5800000,0x00000000d5880000)
 ParOldGen       total 407552K, used 407069K [0x0000000080000000, 0x0000000098e00000, 0x00000000d5580000)
  object space 407552K, 99% used [0x0000000080000000,0x0000000098d875c0,0x0000000098e00000)
 Metaspace       used 86251K, committed 87936K, reserved 1179648K
  class space    used 8644K, committed 9408K, reserved 1048576K
}
Event: 2241.163 GC heap before
{Heap before GC invocations=4575 (full 6):
 PSYoungGen      total 3072K, used 2747K [0x00000000d5580000, 0x00000000d5900000, 0x0000000100000000)
  eden space 2560K, 99% used [0x00000000d5580000,0x00000000d57fef00,0x00000000d5800000)
  from space 512K, 37% used [0x00000000d5880000,0x00000000d58b0000,0x00000000d5900000)
  to   space 512K, 0% used [0x00000000d5800000,0x00000000d5800000,0x00000000d5880000)
 ParOldGen       total 407552K, used 407069K [0x0000000080000000, 0x0000000098e00000, 0x00000000d5580000)
  object space 407552K, 99% used [0x0000000080000000,0x0000000098d875c0,0x0000000098e00000)
 Metaspace       used 86257K, committed 87936K, reserved 1179648K
  class space    used 8644K, committed 9408K, reserved 1048576K
}
Event: 2241.165 GC heap after
{Heap after GC invocations=4575 (full 6):
 PSYoungGen      total 3072K, used 384K [0x00000000d5580000, 0x00000000d5900000, 0x0000000100000000)
  eden space 2560K, 0% used [0x00000000d5580000,0x00000000d5580000,0x00000000d5800000)
  from space 512K, 75% used [0x00000000d5800000,0x00000000d5860020,0x00000000d5880000)
  to   space 512K, 0% used [0x00000000d5880000,0x00000000d5880000,0x00000000d5900000)
 ParOldGen       total 407552K, used 407109K [0x0000000080000000, 0x0000000098e00000, 0x00000000d5580000)
  object space 407552K, 99% used [0x0000000080000000,0x0000000098d915c0,0x0000000098e00000)
 Metaspace       used 86257K, committed 87936K, reserved 1179648K
  class space    used 8644K, committed 9408K, reserved 1048576K
}
Event: 2282.005 GC heap before
{Heap before GC invocations=4576 (full 6):
 PSYoungGen      total 3072K, used 2944K [0x00000000d5580000, 0x00000000d5900000, 0x0000000100000000)
  eden space 2560K, 99% used [0x00000000d5580000,0x00000000d57fffe8,0x00000000d5800000)
  from space 512K, 75% used [0x00000000d5800000,0x00000000d5860020,0x00000000d5880000)
  to   space 512K, 0% used [0x00000000d5880000,0x00000000d5880000,0x00000000d5900000)
 ParOldGen       total 407552K, used 407109K [0x0000000080000000, 0x0000000098e00000, 0x00000000d5580000)
  object space 407552K, 99% used [0x0000000080000000,0x0000000098d915c0,0x0000000098e00000)
 Metaspace       used 86257K, committed 87936K, reserved 1179648K
  class space    used 8644K, committed 9408K, reserved 1048576K
}
Event: 2282.007 GC heap after
{Heap after GC invocations=4576 (full 6):
 PSYoungGen      total 3072K, used 256K [0x00000000d5580000, 0x00000000d5900000, 0x0000000100000000)
  eden space 2560K, 0% used [0x00000000d5580000,0x00000000d5580000,0x00000000d5800000)
  from space 512K, 50% used [0x00000000d5880000,0x00000000d58c0000,0x00000000d5900000)
  to   space 512K, 0% used [0x00000000d5800000,0x00000000d5800000,0x00000000d5880000)
 ParOldGen       total 407552K, used 407229K [0x0000000080000000, 0x0000000098e00000, 0x00000000d5580000)
  object space 407552K, 99% used [0x0000000080000000,0x0000000098daf5e0,0x0000000098e00000)
 Metaspace       used 86257K, committed 87936K, reserved 1179648K
  class space    used 8644K, committed 9408K, reserved 1048576K
}
Event: 2282.091 GC heap before
{Heap before GC invocations=4577 (full 6):
 PSYoungGen      total 3072K, used 2816K [0x00000000d5580000, 0x00000000d5900000, 0x0000000100000000)
  eden space 2560K, 100% used [0x00000000d5580000,0x00000000d5800000,0x00000000d5800000)
  from space 512K, 50% used [0x00000000d5880000,0x00000000d58c0000,0x00000000d5900000)
  to   space 512K, 0% used [0x00000000d5800000,0x00000000d5800000,0x00000000d5880000)
 ParOldGen       total 407552K, used 407229K [0x0000000080000000, 0x0000000098e00000, 0x00000000d5580000)
  object space 407552K, 99% used [0x0000000080000000,0x0000000098daf5e0,0x0000000098e00000)
 Metaspace       used 86309K, committed 88000K, reserved 1179648K
  class space    used 8654K, committed 9408K, reserved 1048576K
}
Event: 2282.095 GC heap after
{Heap after GC invocations=4577 (full 6):
 PSYoungGen      total 3072K, used 192K [0x00000000d5580000, 0x00000000d5900000, 0x0000000100000000)
  eden space 2560K, 0% used [0x00000000d5580000,0x00000000d5580000,0x00000000d5800000)
  from space 512K, 37% used [0x00000000d5800000,0x00000000d5830000,0x00000000d5880000)
  to   space 512K, 0% used [0x00000000d5880000,0x00000000d5880000,0x00000000d5900000)
 ParOldGen       total 407552K, used 407245K [0x0000000080000000, 0x0000000098e00000, 0x00000000d5580000)
  object space 407552K, 99% used [0x0000000080000000,0x0000000098db35e0,0x0000000098e00000)
 Metaspace       used 86309K, committed 88000K, reserved 1179648K
  class space    used 8654K, committed 9408K, reserved 1048576K
}

